0 info it worked if it ends with ok
1 verbose cli [ '/usr/local/opt/nvm/versions/node/v5.4.1/bin/node',
1 verbose cli   '/usr/local/opt/nvm/versions/node/v5.4.1/bin/npm',
1 verbose cli   'publish' ]
2 info using npm@3.3.12
3 info using node@v5.4.1
4 verbose publish [ '.' ]
5 silly cache add args [ '.', null ]
6 verbose cache add spec .
7 silly cache add parsed spec Result {
7 silly cache add   raw: '.',
7 silly cache add   scope: null,
7 silly cache add   name: null,
7 silly cache add   rawSpec: '.',
7 silly cache add   spec: '/Users/tomascharad/Devapps/model-environment',
7 silly cache add   type: 'directory' }
8 verbose addLocalDirectory /Users/tomascharad/.npm/model-environment/1.0.2/package.tgz not in flight; packing
9 info lifecycle model-environment@1.0.2~prepublish: model-environment@1.0.2
10 silly lifecycle model-environment@1.0.2~prepublish: no script for prepublish, continuing
11 verbose tar pack [ '/Users/tomascharad/.npm/model-environment/1.0.2/package.tgz',
11 verbose tar pack   '/Users/tomascharad/Devapps/model-environment' ]
12 verbose tarball /Users/tomascharad/.npm/model-environment/1.0.2/package.tgz
13 verbose folder /Users/tomascharad/Devapps/model-environment
14 verbose addLocalTarball adding from inside cache /Users/tomascharad/.npm/model-environment/1.0.2/package.tgz
15 silly cache afterAdd model-environment@1.0.2
16 verbose afterAdd /Users/tomascharad/.npm/model-environment/1.0.2/package/package.json not in flight; writing
17 verbose afterAdd /Users/tomascharad/.npm/model-environment/1.0.2/package/package.json written
18 silly publish { name: 'model-environment',
18 silly publish   version: '1.0.2',
18 silly publish   description: 'Creates an environment that permits to define relations between objects when receiving objects from normalized api\'s',
18 silly publish   main: 'index.js',
18 silly publish   scripts: { test: 'test' },
18 silly publish   repository:
18 silly publish    { type: 'git',
18 silly publish      url: 'git+ssh://git@github.com/tomascharad/model-environment.git' },
18 silly publish   keywords:
18 silly publish    [ 'flux',
18 silly publish      'redux',
18 silly publish      'react',
18 silly publish      'model',
18 silly publish      'environment',
18 silly publish      'api',
18 silly publish      'normalizedApi' ],
18 silly publish   files: [ 'lib', 'index.js' ],
18 silly publish   author: { name: 'Tomás Charad' },
18 silly publish   license: 'ISC',
18 silly publish   bugs: { url: 'https://github.com/tomascharad/model-environment/issues' },
18 silly publish   homepage: 'https://github.com/tomascharad/model-environment#readme',
18 silly publish   dependencies: { pluralize: '^1.2.1' },
18 silly publish   readme: 'Creates an environment that permits to define relations between objects when receiving objects from normalized api\'s\n\nRequirements: To have a normalized api, which provides adata with the following structure:\n\n{objects: {\n    modelOneObjects: {\n      1: {},\n      2: {},\n      ...\n    }\n    modelTwoObjects: {\n      1: {},\n      2: {},\n      ...\n    }\n  }\n}\n\nInstallation: npm install --save model-enviroment\n\nUsage: \n\nimport {Environment} from \'model-enviroment\'\nimport * as Models from \'path/to/your/models/index\'\n\nAll of your models must extend from Model\nimport {Model} from \'model-enviroment\'\n\nclass ModelOne extends Model {\n  ...\n}\n\nclass ModelTwo extends Model {\n  ...\n}\n\nIn your component render view\n\nconts env = new Environment({this.props.objects}, Models).parseDB\nThen you can do:\nenv.objects.parsedModelOneObjects[1]\nor\nenv.objects.parsedModelOneObjects[1].env().ModelTwo.findBy(\'modelOneId\', 2);\n\nYou can also define relations on your models as this:\n\nOn ModelTwo.js\n\nmodelOneObject() {\n  return this.env().ModelOne.getById(this.modelOneId);\n}\n\nOr if it is a many to many relation:\n\nmodelOneObjects() {\n  let array = [];\n  let thisRef = this;\n\n  this.modelOneIds.forEach(function(modelOneId) {\n    array.push(thisRef.env().ModelOne.getById(modelOneId));\n  });\n\n  return array;\n}\n\nModel static methods api:\nFinder methods:\ngetById\nfindBy\nall\n\nOthers:\ngetClassPluralizedName\ngetClassObjects\ngetThisClass\n\nTo be done:\n1. Somehow declare the relation name as: belongs_to or has_many to automatically expose the relations\n2. Implement more finderMethods: findAllBy, etc...\n\n\n',
18 silly publish   readmeFilename: 'README.md',
18 silly publish   gitHead: 'e34dfb05978d32a70f521cb9dacc3cfddb66fb1c',
18 silly publish   _id: 'model-environment@1.0.2',
18 silly publish   _shasum: 'c2b069b284fa9135d721ec5d0b1630f0f1e58696',
18 silly publish   _from: '.' }
19 verbose getPublishConfig undefined
20 silly mapToRegistry name model-environment
21 silly mapToRegistry using default registry
22 silly mapToRegistry registry https://registry.npmjs.org/
23 silly mapToRegistry uri https://registry.npmjs.org/model-environment
24 verbose publish registryBase https://registry.npmjs.org/
25 silly publish uploading /Users/tomascharad/.npm/model-environment/1.0.2/package.tgz
26 verbose request uri https://registry.npmjs.org/model-environment
27 verbose request sending authorization for write operation
28 info attempt registry request try #1 at 12:04:42 AM
29 verbose request using bearer token for auth
30 verbose request id dd310e6b380e9c28
31 http request PUT https://registry.npmjs.org/model-environment
32 http 403 https://registry.npmjs.org/model-environment
33 verbose headers { 'content-type': 'application/json',
33 verbose headers   'cache-control': 'max-age=300',
33 verbose headers   'content-length': '95',
33 verbose headers   'accept-ranges': 'bytes',
33 verbose headers   date: 'Wed, 27 Jan 2016 03:04:45 GMT',
33 verbose headers   via: '1.1 varnish',
33 verbose headers   connection: 'keep-alive',
33 verbose headers   'x-served-by': 'cache-atl6232-ATL',
33 verbose headers   'x-cache': 'MISS',
33 verbose headers   'x-cache-hits': '0',
33 verbose headers   'x-timer': 'S1453863884.676859,VS0,VE741' }
34 verbose request invalidating /Users/tomascharad/.npm/registry.npmjs.org/model-environment on PUT
35 error publish Failed PUT 403
36 verbose stack Error: "You cannot publish over the previously published version 1.0.2." : model-environment
36 verbose stack     at makeError (/usr/local/opt/nvm/versions/node/v5.4.1/lib/node_modules/npm/node_modules/npm-registry-client/lib/request.js:264:12)
36 verbose stack     at CachingRegistryClient.<anonymous> (/usr/local/opt/nvm/versions/node/v5.4.1/lib/node_modules/npm/node_modules/npm-registry-client/lib/request.js:252:14)
36 verbose stack     at Request._callback (/usr/local/opt/nvm/versions/node/v5.4.1/lib/node_modules/npm/node_modules/npm-registry-client/lib/request.js:172:14)
36 verbose stack     at Request.self.callback (/usr/local/opt/nvm/versions/node/v5.4.1/lib/node_modules/npm/node_modules/request/request.js:198:22)
36 verbose stack     at emitTwo (events.js:87:13)
36 verbose stack     at Request.emit (events.js:172:7)
36 verbose stack     at Request.<anonymous> (/usr/local/opt/nvm/versions/node/v5.4.1/lib/node_modules/npm/node_modules/request/request.js:1082:10)
36 verbose stack     at emitOne (events.js:82:20)
36 verbose stack     at Request.emit (events.js:169:7)
36 verbose stack     at IncomingMessage.<anonymous> (/usr/local/opt/nvm/versions/node/v5.4.1/lib/node_modules/npm/node_modules/request/request.js:1009:12)
37 verbose statusCode 403
38 verbose pkgid model-environment
39 verbose cwd /Users/tomascharad/Devapps/model-environment
40 error Darwin 15.0.0
41 error argv "/usr/local/opt/nvm/versions/node/v5.4.1/bin/node" "/usr/local/opt/nvm/versions/node/v5.4.1/bin/npm" "publish"
42 error node v5.4.1
43 error npm  v3.3.12
44 error code E403
45 error "You cannot publish over the previously published version 1.0.2." : model-environment
46 error If you need help, you may report this error at:
46 error     <https://github.com/npm/npm/issues>
47 verbose exit [ 1, true ]
